<?xml version="1.0" encoding="UTF-8"?>
<testng-results skipped="0" failed="0" ignored="0" total="1" passed="1">
  <reporter-output>
  </reporter-output>
  <suite name="Default suite" duration-ms="8993" started-at="2022-04-06T10:50:17 EDT" finished-at="2022-04-06T10:50:26 EDT">
    <groups>
    </groups>
    <test name="Default test" duration-ms="8993" started-at="2022-04-06T10:50:17 EDT" finished-at="2022-04-06T10:50:26 EDT">
      <class name="sample01.CrazyDropDown">
        <test-method status="PASS" signature="beforeMethod()[pri:0, instance:sample01.CrazyDropDown@33f88ab]" name="beforeMethod" is-config="true" duration-ms="7918" started-at="2022-04-06T10:50:17 EDT" finished-at="2022-04-06T10:50:25 EDT">
          <reporter-output>
          </reporter-output>
        </test-method> <!-- beforeMethod -->
        <test-method status="PASS" signature="f()[pri:0, instance:sample01.CrazyDropDown@33f88ab]" name="f" duration-ms="1042" started-at="2022-04-06T10:50:25 EDT" finished-at="2022-04-06T10:50:26 EDT">
          <reporter-output>
          </reporter-output>
        </test-method> <!-- f -->
        <test-method status="PASS" signature="afterMethod()[pri:0, instance:sample01.CrazyDropDown@33f88ab]" name="afterMethod" is-config="true" duration-ms="0" started-at="2022-04-06T10:50:26 EDT" finished-at="2022-04-06T10:50:26 EDT">
          <reporter-output>
          </reporter-output>
        </test-method> <!-- afterMethod -->
      </class> <!-- sample01.CrazyDropDown -->
    </test> <!-- Default test -->
  </suite> <!-- Default suite -->
</testng-results>
